# JRE version: OpenJDK Runtime Environment Temurin-21.0.9+10 (21.0.9+10) (build 21.0.9+10-LTS)
# Java VM: OpenJDK 64-Bit Server VM Temurin-21.0.9+10 (21.0.9+10-LTS, mixed mode, sharing, tiered, compressed oops, compressed class ptrs, parallel gc, windows-amd64)
GC Precious Log:
 CardTable entry size: 512
 CPUs: 4 total, 4 available
 Memory: 12202M
 Large Page Support: Disabled
 NUMA Support: Disabled
 Compressed Oops: Enabled (32-bit)
 Alignments: Space 512K, Generation 512K, Heap 2M
 Heap Min Capacity: 100M
 Heap Initial Capacity: 100M
 Heap Max Capacity: 2G
 Pre-touch: Disabled
 Parallel Workers: 4
Heap:
 PSYoungGen      total 3584K, used 2608K [0x00000000d5580000, 0x00000000d5a80000, 0x0000000100000000)
  eden space 3072K, 75% used [0x00000000d5580000,0x00000000d57c2020,0x00000000d5880000)
  from space 512K, 57% used [0x00000000d5980000,0x00000000d59ca098,0x00000000d5a00000)
  to   space 512K, 0% used [0x00000000d5a00000,0x00000000d5a00000,0x00000000d5a80000)
 ParOldGen       total 929280K, used 928803K [0x0000000080000000, 0x00000000b8b80000, 0x00000000d5580000)
  object space 929280K, 99% used [0x0000000080000000,0x00000000b8b08e10,0x00000000b8b80000)
 Metaspace       used 83126K, committed 84800K, reserved 1179648K
  class space    used 9390K, committed 10304K, reserved 1048576K
GC Heap History (20 events):
Event: 82685.514 GC heap before
{Heap before GC invocations=2046 (full 4):
 PSYoungGen      total 2560K, used 2240K [0x00000000d5580000, 0x00000000d5900000, 0x0000000100000000)
  eden space 1536K, 100% used [0x00000000d5580000,0x00000000d5700000,0x00000000d5700000)
  from space 1024K, 68% used [0x00000000d5700000,0x00000000d57b00f0,0x00000000d5800000)
  to   space 1024K, 0% used [0x00000000d5800000,0x00000000d5800000,0x00000000d5900000)
 ParOldGen       total 924160K, used 924128K [0x0000000080000000, 0x00000000b8680000, 0x00000000d5580000)
  object space 924160K, 99% used [0x0000000080000000,0x00000000b8678138,0x00000000b8680000)
 Metaspace       used 83119K, committed 84800K, reserved 1179648K
  class space    used 9390K, committed 10304K, reserved 1048576K
}
Event: 82685.527 GC heap after
{Heap after GC invocations=2046 (full 4):
 PSYoungGen      total 2560K, used 416K [0x00000000d5580000, 0x00000000d5980000, 0x0000000100000000)
  eden space 1536K, 0% used [0x00000000d5580000,0x00000000d5580000,0x00000000d5700000)
  from space 1024K, 40% used [0x00000000d5800000,0x00000000d5868010,0x00000000d5900000)
  to   space 1024K, 0% used [0x00000000d5700000,0x00000000d5700000,0x00000000d5800000)
 ParOldGen       total 925184K, used 924772K [0x0000000080000000, 0x00000000b8780000, 0x00000000d5580000)
  object space 925184K, 99% used [0x0000000080000000,0x00000000b8719240,0x00000000b8780000)
 Metaspace       used 83119K, committed 84800K, reserved 1179648K
  class space    used 9390K, committed 10304K, reserved 1048576K
}
Event: 82685.549 GC heap before
{Heap before GC invocations=2047 (full 4):
 PSYoungGen      total 2560K, used 1952K [0x00000000d5580000, 0x00000000d5980000, 0x0000000100000000)
  eden space 1536K, 100% used [0x00000000d5580000,0x00000000d5700000,0x00000000d5700000)
  from space 1024K, 40% used [0x00000000d5800000,0x00000000d5868010,0x00000000d5900000)
  to   space 1024K, 0% used [0x00000000d5700000,0x00000000d5700000,0x00000000d5800000)
 ParOldGen       total 925184K, used 924772K [0x0000000080000000, 0x00000000b8780000, 0x00000000d5580000)
  object space 925184K, 99% used [0x0000000080000000,0x00000000b8719240,0x00000000b8780000)
 Metaspace       used 83119K, committed 84800K, reserved 1179648K
  class space    used 9390K, committed 10304K, reserved 1048576K
}
Event: 82685.552 GC heap after
{Heap after GC invocations=2047 (full 4):
 PSYoungGen      total 2560K, used 668K [0x00000000d5580000, 0x00000000d5980000, 0x0000000100000000)
  eden space 1536K, 0% used [0x00000000d5580000,0x00000000d5580000,0x00000000d5700000)
  from space 1024K, 65% used [0x00000000d5700000,0x00000000d57a73c8,0x00000000d5800000)
  to   space 1024K, 0% used [0x00000000d5880000,0x00000000d5880000,0x00000000d5980000)
 ParOldGen       total 925184K, used 925112K [0x0000000080000000, 0x00000000b8780000, 0x00000000d5580000)
  object space 925184K, 99% used [0x0000000080000000,0x00000000b876e250,0x00000000b8780000)
 Metaspace       used 83119K, committed 84800K, reserved 1179648K
  class space    used 9390K, committed 10304K, reserved 1048576K
}
Event: 82685.563 GC heap before
{Heap before GC invocations=2048 (full 4):
 PSYoungGen      total 2560K, used 2204K [0x00000000d5580000, 0x00000000d5980000, 0x0000000100000000)
  eden space 1536K, 100% used [0x00000000d5580000,0x00000000d5700000,0x00000000d5700000)
  from space 1024K, 65% used [0x00000000d5700000,0x00000000d57a73c8,0x00000000d5800000)
  to   space 1024K, 0% used [0x00000000d5880000,0x00000000d5880000,0x00000000d5980000)
 ParOldGen       total 925184K, used 925112K [0x0000000080000000, 0x00000000b8780000, 0x00000000d5580000)
  object space 925184K, 99% used [0x0000000080000000,0x00000000b876e250,0x00000000b8780000)
 Metaspace       used 83119K, committed 84800K, reserved 1179648K
  class space    used 9390K, committed 10304K, reserved 1048576K
}
Event: 82685.577 GC heap after
{Heap after GC invocations=2048 (full 4):
 PSYoungGen      total 3072K, used 704K [0x00000000d5580000, 0x00000000d5980000, 0x0000000100000000)
  eden space 2048K, 0% used [0x00000000d5580000,0x00000000d5580000,0x00000000d5780000)
  from space 1024K, 68% used [0x00000000d5880000,0x00000000d5930020,0x00000000d5980000)
  to   space 1024K, 0% used [0x00000000d5780000,0x00000000d5780000,0x00000000d5880000)
 ParOldGen       total 926208K, used 925794K [0x0000000080000000, 0x00000000b8880000, 0x00000000d5580000)
  object space 926208K, 99% used [0x0000000080000000,0x00000000b88189e0,0x00000000b8880000)
 Metaspace       used 83119K, committed 84800K, reserved 1179648K
  class space    used 9390K, committed 10304K, reserved 1048576K
}
Event: 82685.591 GC heap before
{Heap before GC invocations=2049 (full 4):
 PSYoungGen      total 3072K, used 2752K [0x00000000d5580000, 0x00000000d5980000, 0x0000000100000000)
  eden space 2048K, 100% used [0x00000000d5580000,0x00000000d5780000,0x00000000d5780000)
  from space 1024K, 68% used [0x00000000d5880000,0x00000000d5930020,0x00000000d5980000)
  to   space 1024K, 0% used [0x00000000d5780000,0x00000000d5780000,0x00000000d5880000)
 ParOldGen       total 926208K, used 925794K [0x0000000080000000, 0x00000000b8880000, 0x00000000d5580000)
  object space 926208K, 99% used [0x0000000080000000,0x00000000b88189e0,0x00000000b8880000)
 Metaspace       used 83119K, committed 84800K, reserved 1179648K
  class space    used 9390K, committed 10304K, reserved 1048576K
}
Event: 82685.605 GC heap after
{Heap after GC invocations=2049 (full 4):
 PSYoungGen      total 3072K, used 999K [0x00000000d5580000, 0x00000000d5c00000, 0x0000000100000000)
  eden space 2048K, 0% used [0x00000000d5580000,0x00000000d5580000,0x00000000d5780000)
  from space 1024K, 97% used [0x00000000d5780000,0x00000000d5879e30,0x00000000d5880000)
  to   space 2048K, 0% used [0x00000000d5a00000,0x00000000d5a00000,0x00000000d5c00000)
 ParOldGen       total 926720K, used 926471K [0x0000000080000000, 0x00000000b8900000, 0x00000000d5580000)
  object space 926720K, 99% used [0x0000000080000000,0x00000000b88c1df0,0x00000000b8900000)
 Metaspace       used 83119K, committed 84800K, reserved 1179648K
  class space    used 9390K, committed 10304K, reserved 1048576K
}
Event: 82685.634 GC heap before
{Heap before GC invocations=2050 (full 4):
 PSYoungGen      total 3072K, used 3047K [0x00000000d5580000, 0x00000000d5c00000, 0x0000000100000000)
  eden space 2048K, 100% used [0x00000000d5580000,0x00000000d5780000,0x00000000d5780000)
  from space 1024K, 97% used [0x00000000d5780000,0x00000000d5879e30,0x00000000d5880000)
  to   space 2048K, 0% used [0x00000000d5a00000,0x00000000d5a00000,0x00000000d5c00000)
 ParOldGen       total 926720K, used 926471K [0x0000000080000000, 0x00000000b8900000, 0x00000000d5580000)
  object space 926720K, 99% used [0x0000000080000000,0x00000000b88c1df0,0x00000000b8900000)
 Metaspace       used 83119K, committed 84800K, reserved 1179648K
  class space    used 9390K, committed 10304K, reserved 1048576K
}
Event: 82685.640 GC heap after
{Heap after GC invocations=2050 (full 4):
 PSYoungGen      total 3584K, used 576K [0x00000000d5580000, 0x00000000d5b00000, 0x0000000100000000)
  eden space 2560K, 0% used [0x00000000d5580000,0x00000000d5580000,0x00000000d5800000)
  from space 1024K, 56% used [0x00000000d5a00000,0x00000000d5a90000,0x00000000d5b00000)
  to   space 1024K, 0% used [0x00000000d5900000,0x00000000d5900000,0x00000000d5a00000)
 ParOldGen       total 927744K, used 927389K [0x0000000080000000, 0x00000000b8a00000, 0x00000000d5580000)
  object space 927744K, 99% used [0x0000000080000000,0x00000000b89a7598,0x00000000b8a00000)
 Metaspace       used 83119K, committed 84800K, reserved 1179648K
  class space    used 9390K, committed 10304K, reserved 1048576K
}
Event: 82685.716 GC heap before
{Heap before GC invocations=2051 (full 4):
 PSYoungGen      total 3584K, used 3125K [0x00000000d5580000, 0x00000000d5b00000, 0x0000000100000000)
  eden space 2560K, 99% used [0x00000000d5580000,0x00000000d57fd410,0x00000000d5800000)
  from space 1024K, 56% used [0x00000000d5a00000,0x00000000d5a90000,0x00000000d5b00000)
  to   space 1024K, 0% used [0x00000000d5900000,0x00000000d5900000,0x00000000d5a00000)
 ParOldGen       total 927744K, used 927389K [0x0000000080000000, 0x00000000b8a00000, 0x00000000d5580000)
  object space 927744K, 99% used [0x0000000080000000,0x00000000b89a7598,0x00000000b8a00000)
 Metaspace       used 83119K, committed 84800K, reserved 1179648K
  class space    used 9390K, committed 10304K, reserved 1048576K
}
Event: 82685.730 GC heap after
{Heap after GC invocations=2051 (full 4):
 PSYoungGen      total 4096K, used 722K [0x00000000d5580000, 0x00000000d5a80000, 0x0000000100000000)
  eden space 3072K, 0% used [0x00000000d5580000,0x00000000d5580000,0x00000000d5880000)
  from space 1024K, 70% used [0x00000000d5900000,0x00000000d59b4898,0x00000000d5a00000)
  to   space 512K, 0% used [0x00000000d5a00000,0x00000000d5a00000,0x00000000d5a80000)
 ParOldGen       total 928256K, used 927933K [0x0000000080000000, 0x00000000b8a80000, 0x00000000d5580000)
  object space 928256K, 99% used [0x0000000080000000,0x00000000b8a2f598,0x00000000b8a80000)
 Metaspace       used 83119K, committed 84800K, reserved 1179648K
  class space    used 9390K, committed 10304K, reserved 1048576K
}
Event: 82691.048 GC heap before
{Heap before GC invocations=2052 (full 4):
 PSYoungGen      total 4096K, used 3794K [0x00000000d5580000, 0x00000000d5a80000, 0x0000000100000000)
  eden space 3072K, 100% used [0x00000000d5580000,0x00000000d5880000,0x00000000d5880000)
  from space 1024K, 70% used [0x00000000d5900000,0x00000000d59b4898,0x00000000d5a00000)
  to   space 512K, 0% used [0x00000000d5a00000,0x00000000d5a00000,0x00000000d5a80000)
 ParOldGen       total 928256K, used 927933K [0x0000000080000000, 0x00000000b8a80000, 0x00000000d5580000)
  object space 928256K, 99% used [0x0000000080000000,0x00000000b8a2f598,0x00000000b8a80000)
 Metaspace       used 83119K, committed 84800K, reserved 1179648K
  class space    used 9390K, committed 10304K, reserved 1048576K
}
Event: 82691.057 GC heap after
{Heap after GC invocations=2052 (full 4):
 PSYoungGen      total 3584K, used 362K [0x00000000d5580000, 0x00000000d5a80000, 0x0000000100000000)
  eden space 3072K, 0% used [0x00000000d5580000,0x00000000d5580000,0x00000000d5880000)
  from space 512K, 70% used [0x00000000d5a00000,0x00000000d5a5ab80,0x00000000d5a80000)
  to   space 512K, 0% used [0x00000000d5980000,0x00000000d5980000,0x00000000d5a00000)
 ParOldGen       total 928768K, used 928396K [0x0000000080000000, 0x00000000b8b00000, 0x00000000d5580000)
  object space 928768K, 99% used [0x0000000080000000,0x00000000b8aa3348,0x00000000b8b00000)
 Metaspace       used 83119K, committed 84800K, reserved 1179648K
  class space    used 9390K, committed 10304K, reserved 1048576K
}
Event: 82696.612 GC heap before
{Heap before GC invocations=2053 (full 4):
 PSYoungGen      total 3584K, used 3434K [0x00000000d5580000, 0x00000000d5a80000, 0x0000000100000000)
  eden space 3072K, 100% used [0x00000000d5580000,0x00000000d5880000,0x00000000d5880000)
  from space 512K, 70% used [0x00000000d5a00000,0x00000000d5a5ab80,0x00000000d5a80000)
  to   space 512K, 0% used [0x00000000d5980000,0x00000000d5980000,0x00000000d5a00000)
 ParOldGen       total 928768K, used 928396K [0x0000000080000000, 0x00000000b8b00000, 0x00000000d5580000)
  object space 928768K, 99% used [0x0000000080000000,0x00000000b8aa3348,0x00000000b8b00000)
 Metaspace       used 83119K, committed 84800K, reserved 1179648K
  class space    used 9390K, committed 10304K, reserved 1048576K
}
Event: 82696.617 GC heap after
{Heap after GC invocations=2053 (full 4):
 PSYoungGen      total 3584K, used 64K [0x00000000d5580000, 0x00000000d5a80000, 0x0000000100000000)
  eden space 3072K, 0% used [0x00000000d5580000,0x00000000d5580000,0x00000000d5880000)
  from space 512K, 12% used [0x00000000d5980000,0x00000000d5990000,0x00000000d5a00000)
  to   space 512K, 0% used [0x00000000d5a00000,0x00000000d5a00000,0x00000000d5a80000)
 ParOldGen       total 928768K, used 928683K [0x0000000080000000, 0x00000000b8b00000, 0x00000000d5580000)
  object space 928768K, 99% used [0x0000000080000000,0x00000000b8aeafe0,0x00000000b8b00000)
 Metaspace       used 83119K, committed 84800K, reserved 1179648K
  class space    used 9390K, committed 10304K, reserved 1048576K
}
Event: 82704.774 GC heap before
{Heap before GC invocations=2054 (full 4):
 PSYoungGen      total 3584K, used 3136K [0x00000000d5580000, 0x00000000d5a80000, 0x0000000100000000)
  eden space 3072K, 100% used [0x00000000d5580000,0x00000000d5880000,0x00000000d5880000)
  from space 512K, 12% used [0x00000000d5980000,0x00000000d5990000,0x00000000d5a00000)
  to   space 512K, 0% used [0x00000000d5a00000,0x00000000d5a00000,0x00000000d5a80000)
 ParOldGen       total 928768K, used 928683K [0x0000000080000000, 0x00000000b8b00000, 0x00000000d5580000)
  object space 928768K, 99% used [0x0000000080000000,0x00000000b8aeafe0,0x00000000b8b00000)
 Metaspace       used 83126K, committed 84800K, reserved 1179648K
  class space    used 9390K, committed 10304K, reserved 1048576K
}
Event: 82704.776 GC heap after
{Heap after GC invocations=2054 (full 4):
 PSYoungGen      total 3584K, used 167K [0x00000000d5580000, 0x00000000d5a80000, 0x0000000100000000)
  eden space 3072K, 0% used [0x00000000d5580000,0x00000000d5580000,0x00000000d5880000)
  from space 512K, 32% used [0x00000000d5a00000,0x00000000d5a29e30,0x00000000d5a80000)
  to   space 512K, 0% used [0x00000000d5980000,0x00000000d5980000,0x00000000d5a00000)
 ParOldGen       total 928768K, used 928683K [0x0000000080000000, 0x00000000b8b00000, 0x00000000d5580000)
  object space 928768K, 99% used [0x0000000080000000,0x00000000b8aeafe0,0x00000000b8b00000)
 Metaspace       used 83126K, committed 84800K, reserved 1179648K
  class space    used 9390K, committed 10304K, reserved 1048576K
}
Event: 82712.314 GC heap before
{Heap before GC invocations=2055 (full 4):
 PSYoungGen      total 3584K, used 3239K [0x00000000d5580000, 0x00000000d5a80000, 0x0000000100000000)
  eden space 3072K, 100% used [0x00000000d5580000,0x00000000d5880000,0x00000000d5880000)
  from space 512K, 32% used [0x00000000d5a00000,0x00000000d5a29e30,0x00000000d5a80000)
  to   space 512K, 0% used [0x00000000d5980000,0x00000000d5980000,0x00000000d5a00000)
 ParOldGen       total 928768K, used 928683K [0x0000000080000000, 0x00000000b8b00000, 0x00000000d5580000)
  object space 928768K, 99% used [0x0000000080000000,0x00000000b8aeafe0,0x00000000b8b00000)
 Metaspace       used 83126K, committed 84800K, reserved 1179648K
  class space    used 9390K, committed 10304K, reserved 1048576K
}
Event: 82712.316 GC heap after
{Heap after GC invocations=2055 (full 4):
 PSYoungGen      total 3584K, used 296K [0x00000000d5580000, 0x00000000d5a80000, 0x0000000100000000)
  eden space 3072K, 0% used [0x00000000d5580000,0x00000000d5580000,0x00000000d5880000)
  from space 512K, 57% used [0x00000000d5980000,0x00000000d59ca098,0x00000000d5a00000)
  to   space 512K, 0% used [0x00000000d5a00000,0x00000000d5a00000,0x00000000d5a80000)
 ParOldGen       total 929280K, used 928803K [0x0000000080000000, 0x00000000b8b80000, 0x00000000d5580000)
  object space 929280K, 99% used [0x0000000080000000,0x00000000b8b08e10,0x00000000b8b80000)
 Metaspace       used 83126K, committed 84800K, reserved 1179648K
  class space    used 9390K, committed 10304K, reserved 1048576K
}

