# JRE version: Java(TM) SE Runtime Environment (19.0.2+7) (build 19.0.2+7-44)
# Java VM: Java HotSpot(TM) 64-Bit Server VM (19.0.2+7-44, mixed mode, sharing, tiered, compressed oops, compressed class ptrs, g1 gc, windows-amd64)
GC Precious Log:
 CardTable entry size: 512
 Card Set container configuration: InlinePtr #cards 5 size 8 Array Of Cards #cards 12 size 40 Howl #buckets 4 coarsen threshold 1843 Howl Bitmap #cards 512 size 80 coarsen threshold 460 Card regions per heap region 1 cards per card region 2048
 CPUs: 4 total, 4 available
 Memory: 12202M
 Large Page Support: Disabled
 NUMA Support: Disabled
 Compressed Oops: Enabled (32-bit)
 Heap Region Size: 1M
 Heap Min Capacity: 8M
 Heap Initial Capacity: 192M
 Heap Max Capacity: 2G
 Pre-touch: Disabled
 Parallel Workers: 4
 Concurrent Workers: 1
 Concurrent Refinement Workers: 4
 Periodic GC: Disabled
Heap:
 garbage-first heap   total 144384K, used 59311K [0x0000000080000000, 0x0000000100000000)
  region size 1024K, 1 young (1024K), 1 survivors (1024K)
 Metaspace       used 70873K, committed 72640K, reserved 487424K
  class space    used 9915K, committed 10816K, reserved 421888K
GC Heap History (20 events):
Event: 32.726 GC heap after
{Heap after GC invocations=18 (full 0):
 garbage-first heap   total 86016K, used 41824K [0x0000000080000000, 0x0000000100000000)
  region size 1024K, 3 young (3072K), 3 survivors (3072K)
 Metaspace       used 54334K, committed 56064K, reserved 487424K
  class space    used 7478K, committed 8384K, reserved 421888K
}
Event: 34.056 GC heap before
{Heap before GC invocations=19 (full 0):
 garbage-first heap   total 86016K, used 70496K [0x0000000080000000, 0x0000000100000000)
  region size 1024K, 31 young (31744K), 3 survivors (3072K)
 Metaspace       used 57813K, committed 59520K, reserved 487424K
  class space    used 7934K, committed 8832K, reserved 421888K
}
Event: 34.062 GC heap after
{Heap after GC invocations=20 (full 0):
 garbage-first heap   total 86016K, used 42742K [0x0000000080000000, 0x0000000100000000)
  region size 1024K, 2 young (2048K), 2 survivors (2048K)
 Metaspace       used 57813K, committed 59520K, reserved 487424K
  class space    used 7934K, committed 8832K, reserved 421888K
}
Event: 34.165 GC heap before
{Heap before GC invocations=20 (full 0):
 garbage-first heap   total 86016K, used 44790K [0x0000000080000000, 0x0000000100000000)
  region size 1024K, 4 young (4096K), 2 survivors (2048K)
 Metaspace       used 58083K, committed 59840K, reserved 487424K
  class space    used 7963K, committed 8896K, reserved 421888K
}
Event: 34.169 GC heap after
{Heap after GC invocations=21 (full 0):
 garbage-first heap   total 86016K, used 42949K [0x0000000080000000, 0x0000000100000000)
  region size 1024K, 1 young (1024K), 1 survivors (1024K)
 Metaspace       used 58083K, committed 59840K, reserved 487424K
  class space    used 7963K, committed 8896K, reserved 421888K
}
Event: 35.418 GC heap before
{Heap before GC invocations=21 (full 0):
 garbage-first heap   total 86016K, used 70597K [0x0000000080000000, 0x0000000100000000)
  region size 1024K, 29 young (29696K), 1 survivors (1024K)
 Metaspace       used 62281K, committed 64064K, reserved 487424K
  class space    used 8448K, committed 9344K, reserved 421888K
}
Event: 35.421 GC heap after
{Heap after GC invocations=22 (full 0):
 garbage-first heap   total 86016K, used 43245K [0x0000000080000000, 0x0000000100000000)
  region size 1024K, 1 young (1024K), 1 survivors (1024K)
 Metaspace       used 62281K, committed 64064K, reserved 487424K
  class space    used 8448K, committed 9344K, reserved 421888K
}
Event: 36.810 GC heap before
{Heap before GC invocations=23 (full 0):
 garbage-first heap   total 86016K, used 71917K [0x0000000080000000, 0x0000000100000000)
  region size 1024K, 29 young (29696K), 1 survivors (1024K)
 Metaspace       used 65770K, committed 67584K, reserved 487424K
  class space    used 8880K, committed 9792K, reserved 421888K
}
Event: 36.815 GC heap after
{Heap after GC invocations=24 (full 0):
 garbage-first heap   total 86016K, used 44064K [0x0000000080000000, 0x0000000100000000)
  region size 1024K, 2 young (2048K), 2 survivors (2048K)
 Metaspace       used 65770K, committed 67584K, reserved 487424K
  class space    used 8880K, committed 9792K, reserved 421888K
}
Event: 36.906 GC heap before
{Heap before GC invocations=24 (full 0):
 garbage-first heap   total 86016K, used 46112K [0x0000000080000000, 0x0000000100000000)
  region size 1024K, 4 young (4096K), 2 survivors (2048K)
 Metaspace       used 66155K, committed 67904K, reserved 487424K
  class space    used 8913K, committed 9792K, reserved 421888K
}
Event: 36.911 GC heap after
{Heap after GC invocations=25 (full 0):
 garbage-first heap   total 86016K, used 44028K [0x0000000080000000, 0x0000000100000000)
  region size 1024K, 1 young (1024K), 1 survivors (1024K)
 Metaspace       used 66155K, committed 67904K, reserved 487424K
  class space    used 8913K, committed 9792K, reserved 421888K
}
Event: 38.352 GC heap before
{Heap before GC invocations=25 (full 0):
 garbage-first heap   total 86016K, used 78844K [0x0000000080000000, 0x0000000100000000)
  region size 1024K, 29 young (29696K), 1 survivors (1024K)
 Metaspace       used 70683K, committed 72512K, reserved 487424K
  class space    used 9895K, committed 10816K, reserved 421888K
}
Event: 38.356 GC heap after
{Heap after GC invocations=26 (full 0):
 garbage-first heap   total 86016K, used 52875K [0x0000000080000000, 0x0000000100000000)
  region size 1024K, 2 young (2048K), 2 survivors (2048K)
 Metaspace       used 70683K, committed 72512K, reserved 487424K
  class space    used 9895K, committed 10816K, reserved 421888K
}
Event: 38.582 GC heap before
{Heap before GC invocations=26 (full 0):
 garbage-first heap   total 86016K, used 72331K [0x0000000080000000, 0x0000000100000000)
  region size 1024K, 21 young (21504K), 2 survivors (2048K)
 Metaspace       used 70683K, committed 72512K, reserved 487424K
  class space    used 9895K, committed 10816K, reserved 421888K
}
Event: 38.591 GC heap after
{Heap after GC invocations=27 (full 0):
 garbage-first heap   total 86016K, used 57425K [0x0000000080000000, 0x0000000100000000)
  region size 1024K, 3 young (3072K), 3 survivors (3072K)
 Metaspace       used 70683K, committed 72512K, reserved 487424K
  class space    used 9895K, committed 10816K, reserved 421888K
}
Event: 38.767 GC heap before
{Heap before GC invocations=27 (full 0):
 garbage-first heap   total 86016K, used 64593K [0x0000000080000000, 0x0000000100000000)
  region size 1024K, 11 young (11264K), 3 survivors (3072K)
 Metaspace       used 70792K, committed 72640K, reserved 487424K
  class space    used 9899K, committed 10816K, reserved 421888K
}
Event: 38.787 GC heap after
{Heap after GC invocations=28 (full 0):
 garbage-first heap   total 86016K, used 62988K [0x0000000080000000, 0x0000000100000000)
  region size 1024K, 2 young (2048K), 2 survivors (2048K)
 Metaspace       used 70792K, committed 72640K, reserved 487424K
  class space    used 9899K, committed 10816K, reserved 421888K
}
Event: 39.062 GC heap before
{Heap before GC invocations=29 (full 0):
 garbage-first heap   total 116736K, used 70156K [0x0000000080000000, 0x0000000100000000)
  region size 1024K, 8 young (8192K), 2 survivors (2048K)
 Metaspace       used 70800K, committed 72640K, reserved 487424K
  class space    used 9900K, committed 10816K, reserved 421888K
}
Event: 39.072 GC heap after
{Heap after GC invocations=30 (full 0):
 garbage-first heap   total 116736K, used 58634K [0x0000000080000000, 0x0000000100000000)
  region size 1024K, 1 young (1024K), 1 survivors (1024K)
 Metaspace       used 70800K, committed 72640K, reserved 487424K
  class space    used 9900K, committed 10816K, reserved 421888K
}
Event: 39.230 GC heap before
{Heap before GC invocations=30 (full 0):
 garbage-first heap   total 116736K, used 62730K [0x0000000080000000, 0x0000000100000000)
  region size 1024K, 5 young (5120K), 1 survivors (1024K)
 Metaspace       used 70873K, committed 72640K, reserved 487424K
  class space    used 9915K, committed 10816K, reserved 421888K
}

