# JRE version: Java(TM) SE Runtime Environment (19.0.2+7) (build 19.0.2+7-44)
# Java VM: Java HotSpot(TM) 64-Bit Server VM (19.0.2+7-44, mixed mode, sharing, tiered, compressed oops, compressed class ptrs, g1 gc, windows-amd64)
GC Precious Log:
 CardTable entry size: 512
 Card Set container configuration: InlinePtr #cards 5 size 8 Array Of Cards #cards 12 size 40 Howl #buckets 4 coarsen threshold 1843 Howl Bitmap #cards 512 size 80 coarsen threshold 460 Card regions per heap region 1 cards per card region 2048
 CPUs: 4 total, 4 available
 Memory: 12202M
 Large Page Support: Disabled
 NUMA Support: Disabled
 Compressed Oops: Enabled (32-bit)
 Heap Region Size: 1M
 Heap Min Capacity: 8M
 Heap Initial Capacity: 192M
 Heap Max Capacity: 2G
 Pre-touch: Disabled
 Parallel Workers: 4
 Concurrent Workers: 1
 Concurrent Refinement Workers: 4
 Periodic GC: Disabled
Heap:
 garbage-first heap   total 262144K, used 135575K [0x0000000080000000, 0x0000000100000000)
  region size 1024K, 35 young (35840K), 1 survivors (1024K)
 Metaspace       used 126408K, committed 128768K, reserved 552960K
  class space    used 15864K, committed 17088K, reserved 421888K
GC Heap History (20 events):
Event: 151.339 GC heap before
{Heap before GC invocations=103 (full 0):
 garbage-first heap   total 262144K, used 98535K [0x0000000080000000, 0x0000000100000000)
  region size 1024K, 12 young (12288K), 10 survivors (10240K)
 Metaspace       used 89481K, committed 91456K, reserved 552960K
  class space    used 11696K, committed 12736K, reserved 421888K
}
Event: 151.352 GC heap after
{Heap after GC invocations=104 (full 0):
 garbage-first heap   total 262144K, used 88331K [0x0000000080000000, 0x0000000100000000)
  region size 1024K, 2 young (2048K), 2 survivors (2048K)
 Metaspace       used 89481K, committed 91456K, reserved 552960K
  class space    used 11696K, committed 12736K, reserved 421888K
}
Event: 157.563 GC heap before
{Heap before GC invocations=104 (full 0):
 garbage-first heap   total 262144K, used 213259K [0x0000000080000000, 0x0000000100000000)
  region size 1024K, 125 young (128000K), 2 survivors (2048K)
 Metaspace       used 101866K, committed 103872K, reserved 552960K
  class space    used 13043K, committed 14080K, reserved 421888K
}
Event: 157.579 GC heap after
{Heap after GC invocations=105 (full 0):
 garbage-first heap   total 262144K, used 95399K [0x0000000080000000, 0x0000000100000000)
  region size 1024K, 9 young (9216K), 9 survivors (9216K)
 Metaspace       used 101866K, committed 103872K, reserved 552960K
  class space    used 13043K, committed 14080K, reserved 421888K
}
Event: 165.991 GC heap before
{Heap before GC invocations=105 (full 0):
 garbage-first heap   total 262144K, used 213159K [0x0000000080000000, 0x0000000100000000)
  region size 1024K, 124 young (126976K), 9 survivors (9216K)
 Metaspace       used 119593K, committed 121856K, reserved 552960K
  class space    used 15021K, committed 16192K, reserved 421888K
}
Event: 166.010 GC heap after
{Heap after GC invocations=106 (full 0):
 garbage-first heap   total 262144K, used 100679K [0x0000000080000000, 0x0000000100000000)
  region size 1024K, 6 young (6144K), 6 survivors (6144K)
 Metaspace       used 119593K, committed 121856K, reserved 552960K
  class space    used 15021K, committed 16192K, reserved 421888K
}
Event: 175.229 GC heap before
{Heap before GC invocations=106 (full 0):
 garbage-first heap   total 262144K, used 215367K [0x0000000080000000, 0x0000000100000000)
  region size 1024K, 118 young (120832K), 6 survivors (6144K)
 Metaspace       used 125088K, committed 127360K, reserved 552960K
  class space    used 15731K, committed 16960K, reserved 421888K
}
Event: 175.242 GC heap after
{Heap after GC invocations=107 (full 0):
 garbage-first heap   total 262144K, used 103616K [0x0000000080000000, 0x0000000100000000)
  region size 1024K, 9 young (9216K), 9 survivors (9216K)
 Metaspace       used 125088K, committed 127360K, reserved 552960K
  class space    used 15731K, committed 16960K, reserved 421888K
}
Event: 177.132 GC heap before
{Heap before GC invocations=107 (full 0):
 garbage-first heap   total 262144K, used 217280K [0x0000000080000000, 0x0000000100000000)
  region size 1024K, 120 young (122880K), 9 survivors (9216K)
 Metaspace       used 125112K, committed 127424K, reserved 552960K
  class space    used 15735K, committed 16960K, reserved 421888K
}
Event: 177.144 GC heap after
{Heap after GC invocations=108 (full 0):
 garbage-first heap   total 262144K, used 105448K [0x0000000080000000, 0x0000000100000000)
  region size 1024K, 6 young (6144K), 6 survivors (6144K)
 Metaspace       used 125112K, committed 127424K, reserved 552960K
  class space    used 15735K, committed 16960K, reserved 421888K
}
Event: 178.883 GC heap before
{Heap before GC invocations=108 (full 0):
 garbage-first heap   total 262144K, used 219112K [0x0000000080000000, 0x0000000100000000)
  region size 1024K, 117 young (119808K), 6 survivors (6144K)
 Metaspace       used 125112K, committed 127424K, reserved 552960K
  class space    used 15735K, committed 16960K, reserved 421888K
}
Event: 178.891 GC heap after
{Heap after GC invocations=109 (full 0):
 garbage-first heap   total 262144K, used 106632K [0x0000000080000000, 0x0000000100000000)
  region size 1024K, 7 young (7168K), 7 survivors (7168K)
 Metaspace       used 125112K, committed 127424K, reserved 552960K
  class space    used 15735K, committed 16960K, reserved 421888K
}
Event: 181.463 GC heap before
{Heap before GC invocations=109 (full 0):
 garbage-first heap   total 262144K, used 221320K [0x0000000080000000, 0x0000000100000000)
  region size 1024K, 119 young (121856K), 7 survivors (7168K)
 Metaspace       used 125112K, committed 127424K, reserved 552960K
  class space    used 15735K, committed 16960K, reserved 421888K
}
Event: 181.472 GC heap after
{Heap after GC invocations=110 (full 0):
 garbage-first heap   total 262144K, used 108442K [0x0000000080000000, 0x0000000100000000)
  region size 1024K, 9 young (9216K), 9 survivors (9216K)
 Metaspace       used 125112K, committed 127424K, reserved 552960K
  class space    used 15735K, committed 16960K, reserved 421888K
}
Event: 183.165 GC heap before
{Heap before GC invocations=110 (full 0):
 garbage-first heap   total 262144K, used 223130K [0x0000000080000000, 0x0000000100000000)
  region size 1024K, 121 young (123904K), 9 survivors (9216K)
 Metaspace       used 125112K, committed 127424K, reserved 552960K
  class space    used 15735K, committed 16960K, reserved 421888K
}
Event: 183.174 GC heap after
{Heap after GC invocations=111 (full 0):
 garbage-first heap   total 262144K, used 109906K [0x0000000080000000, 0x0000000100000000)
  region size 1024K, 10 young (10240K), 10 survivors (10240K)
 Metaspace       used 125112K, committed 127424K, reserved 552960K
  class space    used 15735K, committed 16960K, reserved 421888K
}
Event: 185.064 GC heap before
{Heap before GC invocations=111 (full 0):
 garbage-first heap   total 262144K, used 224594K [0x0000000080000000, 0x0000000100000000)
  region size 1024K, 122 young (124928K), 10 survivors (10240K)
 Metaspace       used 125119K, committed 127424K, reserved 552960K
  class space    used 15735K, committed 16960K, reserved 421888K
}
Event: 185.069 GC heap after
{Heap after GC invocations=112 (full 0):
 garbage-first heap   total 262144K, used 103815K [0x0000000080000000, 0x0000000100000000)
  region size 1024K, 2 young (2048K), 2 survivors (2048K)
 Metaspace       used 125119K, committed 127424K, reserved 552960K
  class space    used 15735K, committed 16960K, reserved 421888K
}
Event: 186.787 GC heap before
{Heap before GC invocations=112 (full 0):
 garbage-first heap   total 262144K, used 226695K [0x0000000080000000, 0x0000000100000000)
  region size 1024K, 122 young (124928K), 2 survivors (2048K)
 Metaspace       used 125133K, committed 127488K, reserved 552960K
  class space    used 15735K, committed 16960K, reserved 421888K
}
Event: 186.789 GC heap after
{Heap after GC invocations=113 (full 0):
 garbage-first heap   total 262144K, used 102807K [0x0000000080000000, 0x0000000100000000)
  region size 1024K, 1 young (1024K), 1 survivors (1024K)
 Metaspace       used 125133K, committed 127488K, reserved 552960K
  class space    used 15735K, committed 16960K, reserved 421888K
}

