# JRE version: OpenJDK Runtime Environment Temurin-21.0.9+10 (21.0.9+10) (build 21.0.9+10-LTS)
# Java VM: OpenJDK 64-Bit Server VM Temurin-21.0.9+10 (21.0.9+10-LTS, mixed mode, sharing, tiered, compressed oops, compressed class ptrs, parallel gc, windows-amd64)
GC Precious Log:
 CardTable entry size: 512
 CPUs: 4 total, 4 available
 Memory: 12202M
 Large Page Support: Disabled
 NUMA Support: Disabled
 Compressed Oops: Enabled (32-bit)
 Alignments: Space 512K, Generation 512K, Heap 2M
 Heap Min Capacity: 100M
 Heap Initial Capacity: 100M
 Heap Max Capacity: 2G
 Pre-touch: Disabled
 Parallel Workers: 4
Heap:
 PSYoungGen      total 3072K, used 2607K [0x00000000d5580000, 0x00000000d5a80000, 0x0000000100000000)
  eden space 2560K, 81% used [0x00000000d5580000,0x00000000d578bfd8,0x00000000d5800000)
  from space 512K, 100% used [0x00000000d5a00000,0x00000000d5a80000,0x00000000d5a80000)
  to   space 1024K, 0% used [0x00000000d5880000,0x00000000d5880000,0x00000000d5980000)
 ParOldGen       total 889344K, used 888921K [0x0000000080000000, 0x00000000b6480000, 0x00000000d5580000)
  object space 889344K, 99% used [0x0000000080000000,0x00000000b6416548,0x00000000b6480000)
 Metaspace       used 90340K, committed 92032K, reserved 1179648K
  class space    used 10213K, committed 11008K, reserved 1048576K
GC Heap History (20 events):
Event: 1191.054 GC heap before
{Heap before GC invocations=4554 (full 5):
 PSYoungGen      total 3072K, used 2656K [0x00000000d5580000, 0x00000000d5a80000, 0x0000000100000000)
  eden space 2560K, 100% used [0x00000000d5580000,0x00000000d5800000,0x00000000d5800000)
  from space 512K, 18% used [0x00000000d5a00000,0x00000000d5a18000,0x00000000d5a80000)
  to   space 512K, 0% used [0x00000000d5980000,0x00000000d5980000,0x00000000d5a00000)
 ParOldGen       total 888832K, used 888777K [0x0000000080000000, 0x00000000b6400000, 0x00000000d5580000)
  object space 888832K, 99% used [0x0000000080000000,0x00000000b63f2548,0x00000000b6400000)
 Metaspace       used 90290K, committed 92032K, reserved 1179648K
  class space    used 10213K, committed 11008K, reserved 1048576K
}
Event: 1191.060 GC heap after
{Heap after GC invocations=4554 (full 5):
 PSYoungGen      total 3072K, used 128K [0x00000000d5580000, 0x00000000d5a80000, 0x0000000100000000)
  eden space 2560K, 0% used [0x00000000d5580000,0x00000000d5580000,0x00000000d5800000)
  from space 512K, 25% used [0x00000000d5980000,0x00000000d59a0000,0x00000000d5a00000)
  to   space 512K, 0% used [0x00000000d5a00000,0x00000000d5a00000,0x00000000d5a80000)
 ParOldGen       total 888832K, used 888777K [0x0000000080000000, 0x00000000b6400000, 0x00000000d5580000)
  object space 888832K, 99% used [0x0000000080000000,0x00000000b63f2548,0x00000000b6400000)
 Metaspace       used 90290K, committed 92032K, reserved 1179648K
  class space    used 10213K, committed 11008K, reserved 1048576K
}
Event: 1192.342 GC heap before
{Heap before GC invocations=4555 (full 5):
 PSYoungGen      total 3072K, used 2688K [0x00000000d5580000, 0x00000000d5a80000, 0x0000000100000000)
  eden space 2560K, 100% used [0x00000000d5580000,0x00000000d5800000,0x00000000d5800000)
  from space 512K, 25% used [0x00000000d5980000,0x00000000d59a0000,0x00000000d5a00000)
  to   space 512K, 0% used [0x00000000d5a00000,0x00000000d5a00000,0x00000000d5a80000)
 ParOldGen       total 888832K, used 888777K [0x0000000080000000, 0x00000000b6400000, 0x00000000d5580000)
  object space 888832K, 99% used [0x0000000080000000,0x00000000b63f2548,0x00000000b6400000)
 Metaspace       used 90290K, committed 92032K, reserved 1179648K
  class space    used 10213K, committed 11008K, reserved 1048576K
}
Event: 1192.351 GC heap after
{Heap after GC invocations=4555 (full 5):
 PSYoungGen      total 3072K, used 96K [0x00000000d5580000, 0x00000000d5a80000, 0x0000000100000000)
  eden space 2560K, 0% used [0x00000000d5580000,0x00000000d5580000,0x00000000d5800000)
  from space 512K, 18% used [0x00000000d5a00000,0x00000000d5a18000,0x00000000d5a80000)
  to   space 512K, 0% used [0x00000000d5980000,0x00000000d5980000,0x00000000d5a00000)
 ParOldGen       total 888832K, used 888777K [0x0000000080000000, 0x00000000b6400000, 0x00000000d5580000)
  object space 888832K, 99% used [0x0000000080000000,0x00000000b63f2548,0x00000000b6400000)
 Metaspace       used 90290K, committed 92032K, reserved 1179648K
  class space    used 10213K, committed 11008K, reserved 1048576K
}
Event: 1193.268 GC heap before
{Heap before GC invocations=4556 (full 5):
 PSYoungGen      total 3072K, used 2656K [0x00000000d5580000, 0x00000000d5a80000, 0x0000000100000000)
  eden space 2560K, 100% used [0x00000000d5580000,0x00000000d5800000,0x00000000d5800000)
  from space 512K, 18% used [0x00000000d5a00000,0x00000000d5a18000,0x00000000d5a80000)
  to   space 512K, 0% used [0x00000000d5980000,0x00000000d5980000,0x00000000d5a00000)
 ParOldGen       total 888832K, used 888777K [0x0000000080000000, 0x00000000b6400000, 0x00000000d5580000)
  object space 888832K, 99% used [0x0000000080000000,0x00000000b63f2548,0x00000000b6400000)
 Metaspace       used 90290K, committed 92032K, reserved 1179648K
  class space    used 10213K, committed 11008K, reserved 1048576K
}
Event: 1193.278 GC heap after
{Heap after GC invocations=4556 (full 5):
 PSYoungGen      total 3072K, used 64K [0x00000000d5580000, 0x00000000d5a80000, 0x0000000100000000)
  eden space 2560K, 0% used [0x00000000d5580000,0x00000000d5580000,0x00000000d5800000)
  from space 512K, 12% used [0x00000000d5980000,0x00000000d5990000,0x00000000d5a00000)
  to   space 512K, 0% used [0x00000000d5a00000,0x00000000d5a00000,0x00000000d5a80000)
 ParOldGen       total 888832K, used 888785K [0x0000000080000000, 0x00000000b6400000, 0x00000000d5580000)
  object space 888832K, 99% used [0x0000000080000000,0x00000000b63f4548,0x00000000b6400000)
 Metaspace       used 90290K, committed 92032K, reserved 1179648K
  class space    used 10213K, committed 11008K, reserved 1048576K
}
Event: 1194.264 GC heap before
{Heap before GC invocations=4557 (full 5):
 PSYoungGen      total 3072K, used 2624K [0x00000000d5580000, 0x00000000d5a80000, 0x0000000100000000)
  eden space 2560K, 100% used [0x00000000d5580000,0x00000000d5800000,0x00000000d5800000)
  from space 512K, 12% used [0x00000000d5980000,0x00000000d5990000,0x00000000d5a00000)
  to   space 512K, 0% used [0x00000000d5a00000,0x00000000d5a00000,0x00000000d5a80000)
 ParOldGen       total 888832K, used 888785K [0x0000000080000000, 0x00000000b6400000, 0x00000000d5580000)
  object space 888832K, 99% used [0x0000000080000000,0x00000000b63f4548,0x00000000b6400000)
 Metaspace       used 90290K, committed 92032K, reserved 1179648K
  class space    used 10213K, committed 11008K, reserved 1048576K
}
Event: 1194.273 GC heap after
{Heap after GC invocations=4557 (full 5):
 PSYoungGen      total 3072K, used 64K [0x00000000d5580000, 0x00000000d5a80000, 0x0000000100000000)
  eden space 2560K, 0% used [0x00000000d5580000,0x00000000d5580000,0x00000000d5800000)
  from space 512K, 12% used [0x00000000d5a00000,0x00000000d5a10000,0x00000000d5a80000)
  to   space 512K, 0% used [0x00000000d5980000,0x00000000d5980000,0x00000000d5a00000)
 ParOldGen       total 888832K, used 888785K [0x0000000080000000, 0x00000000b6400000, 0x00000000d5580000)
  object space 888832K, 99% used [0x0000000080000000,0x00000000b63f4548,0x00000000b6400000)
 Metaspace       used 90290K, committed 92032K, reserved 1179648K
  class space    used 10213K, committed 11008K, reserved 1048576K
}
Event: 1195.148 GC heap before
{Heap before GC invocations=4558 (full 5):
 PSYoungGen      total 3072K, used 2624K [0x00000000d5580000, 0x00000000d5a80000, 0x0000000100000000)
  eden space 2560K, 100% used [0x00000000d5580000,0x00000000d5800000,0x00000000d5800000)
  from space 512K, 12% used [0x00000000d5a00000,0x00000000d5a10000,0x00000000d5a80000)
  to   space 512K, 0% used [0x00000000d5980000,0x00000000d5980000,0x00000000d5a00000)
 ParOldGen       total 888832K, used 888785K [0x0000000080000000, 0x00000000b6400000, 0x00000000d5580000)
  object space 888832K, 99% used [0x0000000080000000,0x00000000b63f4548,0x00000000b6400000)
 Metaspace       used 90290K, committed 92032K, reserved 1179648K
  class space    used 10213K, committed 11008K, reserved 1048576K
}
Event: 1195.155 GC heap after
{Heap after GC invocations=4558 (full 5):
 PSYoungGen      total 3072K, used 64K [0x00000000d5580000, 0x00000000d5a80000, 0x0000000100000000)
  eden space 2560K, 0% used [0x00000000d5580000,0x00000000d5580000,0x00000000d5800000)
  from space 512K, 12% used [0x00000000d5980000,0x00000000d5990000,0x00000000d5a00000)
  to   space 512K, 0% used [0x00000000d5a00000,0x00000000d5a00000,0x00000000d5a80000)
 ParOldGen       total 888832K, used 888785K [0x0000000080000000, 0x00000000b6400000, 0x00000000d5580000)
  object space 888832K, 99% used [0x0000000080000000,0x00000000b63f4548,0x00000000b6400000)
 Metaspace       used 90290K, committed 92032K, reserved 1179648K
  class space    used 10213K, committed 11008K, reserved 1048576K
}
Event: 1196.137 GC heap before
{Heap before GC invocations=4559 (full 5):
 PSYoungGen      total 3072K, used 2624K [0x00000000d5580000, 0x00000000d5a80000, 0x0000000100000000)
  eden space 2560K, 100% used [0x00000000d5580000,0x00000000d5800000,0x00000000d5800000)
  from space 512K, 12% used [0x00000000d5980000,0x00000000d5990000,0x00000000d5a00000)
  to   space 512K, 0% used [0x00000000d5a00000,0x00000000d5a00000,0x00000000d5a80000)
 ParOldGen       total 888832K, used 888785K [0x0000000080000000, 0x00000000b6400000, 0x00000000d5580000)
  object space 888832K, 99% used [0x0000000080000000,0x00000000b63f4548,0x00000000b6400000)
 Metaspace       used 90290K, committed 92032K, reserved 1179648K
  class space    used 10213K, committed 11008K, reserved 1048576K
}
Event: 1196.143 GC heap after
{Heap after GC invocations=4559 (full 5):
 PSYoungGen      total 3072K, used 64K [0x00000000d5580000, 0x00000000d5a80000, 0x0000000100000000)
  eden space 2560K, 0% used [0x00000000d5580000,0x00000000d5580000,0x00000000d5800000)
  from space 512K, 12% used [0x00000000d5a00000,0x00000000d5a10000,0x00000000d5a80000)
  to   space 512K, 0% used [0x00000000d5980000,0x00000000d5980000,0x00000000d5a00000)
 ParOldGen       total 888832K, used 888793K [0x0000000080000000, 0x00000000b6400000, 0x00000000d5580000)
  object space 888832K, 99% used [0x0000000080000000,0x00000000b63f6548,0x00000000b6400000)
 Metaspace       used 90290K, committed 92032K, reserved 1179648K
  class space    used 10213K, committed 11008K, reserved 1048576K
}
Event: 1196.589 GC heap before
{Heap before GC invocations=4560 (full 5):
 PSYoungGen      total 3072K, used 2624K [0x00000000d5580000, 0x00000000d5a80000, 0x0000000100000000)
  eden space 2560K, 100% used [0x00000000d5580000,0x00000000d5800000,0x00000000d5800000)
  from space 512K, 12% used [0x00000000d5a00000,0x00000000d5a10000,0x00000000d5a80000)
  to   space 512K, 0% used [0x00000000d5980000,0x00000000d5980000,0x00000000d5a00000)
 ParOldGen       total 888832K, used 888793K [0x0000000080000000, 0x00000000b6400000, 0x00000000d5580000)
  object space 888832K, 99% used [0x0000000080000000,0x00000000b63f6548,0x00000000b6400000)
 Metaspace       used 90290K, committed 92032K, reserved 1179648K
  class space    used 10213K, committed 11008K, reserved 1048576K
}
Event: 1196.593 GC heap after
{Heap after GC invocations=4560 (full 5):
 PSYoungGen      total 3072K, used 96K [0x00000000d5580000, 0x00000000d5a80000, 0x0000000100000000)
  eden space 2560K, 0% used [0x00000000d5580000,0x00000000d5580000,0x00000000d5800000)
  from space 512K, 18% used [0x00000000d5980000,0x00000000d5998000,0x00000000d5a00000)
  to   space 512K, 0% used [0x00000000d5a00000,0x00000000d5a00000,0x00000000d5a80000)
 ParOldGen       total 888832K, used 888793K [0x0000000080000000, 0x00000000b6400000, 0x00000000d5580000)
  object space 888832K, 99% used [0x0000000080000000,0x00000000b63f6548,0x00000000b6400000)
 Metaspace       used 90290K, committed 92032K, reserved 1179648K
  class space    used 10213K, committed 11008K, reserved 1048576K
}
Event: 1197.362 GC heap before
{Heap before GC invocations=4561 (full 5):
 PSYoungGen      total 3072K, used 2656K [0x00000000d5580000, 0x00000000d5a80000, 0x0000000100000000)
  eden space 2560K, 100% used [0x00000000d5580000,0x00000000d5800000,0x00000000d5800000)
  from space 512K, 18% used [0x00000000d5980000,0x00000000d5998000,0x00000000d5a00000)
  to   space 512K, 0% used [0x00000000d5a00000,0x00000000d5a00000,0x00000000d5a80000)
 ParOldGen       total 888832K, used 888793K [0x0000000080000000, 0x00000000b6400000, 0x00000000d5580000)
  object space 888832K, 99% used [0x0000000080000000,0x00000000b63f6548,0x00000000b6400000)
 Metaspace       used 90290K, committed 92032K, reserved 1179648K
  class space    used 10213K, committed 11008K, reserved 1048576K
}
Event: 1197.368 GC heap after
{Heap after GC invocations=4561 (full 5):
 PSYoungGen      total 3072K, used 96K [0x00000000d5580000, 0x00000000d5a80000, 0x0000000100000000)
  eden space 2560K, 0% used [0x00000000d5580000,0x00000000d5580000,0x00000000d5800000)
  from space 512K, 18% used [0x00000000d5a00000,0x00000000d5a18000,0x00000000d5a80000)
  to   space 512K, 0% used [0x00000000d5980000,0x00000000d5980000,0x00000000d5a00000)
 ParOldGen       total 888832K, used 888793K [0x0000000080000000, 0x00000000b6400000, 0x00000000d5580000)
  object space 888832K, 99% used [0x0000000080000000,0x00000000b63f6548,0x00000000b6400000)
 Metaspace       used 90290K, committed 92032K, reserved 1179648K
  class space    used 10213K, committed 11008K, reserved 1048576K
}
Event: 1257.287 GC heap before
{Heap before GC invocations=4562 (full 5):
 PSYoungGen      total 3072K, used 2655K [0x00000000d5580000, 0x00000000d5a80000, 0x0000000100000000)
  eden space 2560K, 99% used [0x00000000d5580000,0x00000000d57ffff8,0x00000000d5800000)
  from space 512K, 18% used [0x00000000d5a00000,0x00000000d5a18000,0x00000000d5a80000)
  to   space 512K, 0% used [0x00000000d5980000,0x00000000d5980000,0x00000000d5a00000)
 ParOldGen       total 888832K, used 888793K [0x0000000080000000, 0x00000000b6400000, 0x00000000d5580000)
  object space 888832K, 99% used [0x0000000080000000,0x00000000b63f6548,0x00000000b6400000)
 Metaspace       used 90296K, committed 92032K, reserved 1179648K
  class space    used 10213K, committed 11008K, reserved 1048576K
}
Event: 1257.305 GC heap after
{Heap after GC invocations=4562 (full 5):
 PSYoungGen      total 3072K, used 240K [0x00000000d5580000, 0x00000000d5a80000, 0x0000000100000000)
  eden space 2560K, 0% used [0x00000000d5580000,0x00000000d5580000,0x00000000d5800000)
  from space 512K, 46% used [0x00000000d5980000,0x00000000d59bc010,0x00000000d5a00000)
  to   space 512K, 0% used [0x00000000d5a00000,0x00000000d5a00000,0x00000000d5a80000)
 ParOldGen       total 888832K, used 888793K [0x0000000080000000, 0x00000000b6400000, 0x00000000d5580000)
  object space 888832K, 99% used [0x0000000080000000,0x00000000b63f6548,0x00000000b6400000)
 Metaspace       used 90296K, committed 92032K, reserved 1179648K
  class space    used 10213K, committed 11008K, reserved 1048576K
}
Event: 3957.523 GC heap before
{Heap before GC invocations=4563 (full 5):
 PSYoungGen      total 3072K, used 2800K [0x00000000d5580000, 0x00000000d5a80000, 0x0000000100000000)
  eden space 2560K, 100% used [0x00000000d5580000,0x00000000d5800000,0x00000000d5800000)
  from space 512K, 46% used [0x00000000d5980000,0x00000000d59bc010,0x00000000d5a00000)
  to   space 512K, 0% used [0x00000000d5a00000,0x00000000d5a00000,0x00000000d5a80000)
 ParOldGen       total 888832K, used 888793K [0x0000000080000000, 0x00000000b6400000, 0x00000000d5580000)
  object space 888832K, 99% used [0x0000000080000000,0x00000000b63f6548,0x00000000b6400000)
 Metaspace       used 90303K, committed 92032K, reserved 1179648K
  class space    used 10213K, committed 11008K, reserved 1048576K
}
Event: 3957.713 GC heap after
{Heap after GC invocations=4563 (full 5):
 PSYoungGen      total 3072K, used 512K [0x00000000d5580000, 0x00000000d5a80000, 0x0000000100000000)
  eden space 2560K, 0% used [0x00000000d5580000,0x00000000d5580000,0x00000000d5800000)
  from space 512K, 100% used [0x00000000d5a00000,0x00000000d5a80000,0x00000000d5a80000)
  to   space 1024K, 0% used [0x00000000d5880000,0x00000000d5880000,0x00000000d5980000)
 ParOldGen       total 889344K, used 888921K [0x0000000080000000, 0x00000000b6480000, 0x00000000d5580000)
  object space 889344K, 99% used [0x0000000080000000,0x00000000b6416548,0x00000000b6480000)
 Metaspace       used 90303K, committed 92032K, reserved 1179648K
  class space    used 10213K, committed 11008K, reserved 1048576K
}

